<?xml version="1.0" encoding="UTF-8"?>
<!-- Generated by org.testng.reporters.JUnitReportReporter -->
<testsuite hostname="LAPTOP-T66E8UCB" failures="0" tests="1" name="MyRunner.LoginRunner" time="43.647" errors="0" timestamp="2021-10-13T12:24:49 IST" skipped="0">
  <testcase classname="MyRunner.LoginRunner" name="runScenario" time="43.647"/>
  <system-out/>
</testsuite> <!-- MyRunner.LoginRunner -->
