<?xml version="1.0" encoding="UTF-8"?>
<!-- Generated by org.testng.reporters.JUnitReportReporter -->
<testsuite hostname="LAPTOP-T66E8UCB" failures="0" tests="3" name="MyRunner.LoginRunner" time="112.766" errors="0" timestamp="2021-10-12T10:06:31 IST" skipped="0">
  <testcase classname="MyRunner.LoginRunner" name="runScenario" time="27.231"/>
  <system-out/>
  <testcase classname="MyRunner.LoginRunner" name="runScenario" time="48.458"/>
  <system-out/>
  <testcase classname="MyRunner.LoginRunner" name="runScenario" time="37.077"/>
  <system-out/>
</testsuite> <!-- MyRunner.LoginRunner -->
